2025-10-06 00:05:01, EXEC, v:1, k:animal, mode:FULL, rate:100, size:49
2025-10-06 00:05:06, EXEC, v:1, k:animal, mode:FULL, rate:100
2025-10-06 00:05:09, EXEC, v:1, k:animal, mode:FREE
2025-10-06 00:05:34, MOVE, v:1, k:animal, mode:PICK
2025-10-06 00:05:37, EXEC, v:1, k:animal, mode:FULL, rate:100
2025-10-06 00:06:32, MOVE, v:1, k:toalha, mode:PICK
2025-10-06 00:06:36, EXEC, v:1, k:toalha, mode:LOCK, rate:0
2025-10-06 00:18:37, MOVE, v:1, k:animal, mode:PICK
2025-10-06 00:18:39, EXEC, v:1, k:animal, mode:FULL, rate:100
2025-10-06 00:18:43, EXEC, v:1, k:animal, mode:FULL, rate:100
2025-10-06 00:18:44, EXEC, v:1, k:animal, mode:FULL, rate:100
2025-10-06 00:18:44, EXEC, v:1, k:animal, mode:FULL, rate:100
2025-10-06 00:18:45, EXEC, v:1, k:animal, mode:FULL, rate:100
2025-10-06 00:18:45, EXEC, v:1, k:animal, mode:FULL, rate:100
2025-10-06 00:18:45, EXEC, v:1, k:animal, mode:FULL, rate:100
2025-10-06 00:18:45, EXEC, v:1, k:animal, mode:FULL, rate:100
2025-10-06 00:18:46, EXEC, v:1, k:animal, mode:FULL, rate:100
2025-10-06 00:18:48, EXEC, v:1, k:animal, mode:FREE
2025-10-06 00:25:35, SELF, v:1, k:animal, human:s, alone:5, study:60
2025-10-06 00:25:58, SELF, v:1, k:animal, human:s, alone:5, study:60
2025-10-06 00:28:24, MOVE, v:1, k:toalha, mode:PICK
2025-10-06 00:28:29, EXEC, v:1, k:toalha, mode:LOCK, rate:0, size:52
2025-10-06 00:29:11, EXEC, v:1, k:toalha, mode:LOCK, rate:0, size:50
2025-10-06 00:29:12, EXEC, v:1, k:toalha, mode:LOCK, rate:0
2025-10-06 00:29:15, EXEC, v:1, k:toalha, mode:FREE
2025-10-06 00:29:38, MOVE, v:1, k:toalha, mode:PICK
2025-10-06 00:29:48, EXEC, v:1, k:toalha, mode:LOCK, rate:0
2025-10-06 00:54:44, MOVE, v:1, k:enxugar, mode:PICK
2025-10-06 00:54:47, EXEC, v:1, k:enxugar, mode:FULL, rate:0, size:58
2025-10-06 00:55:52, EXEC, v:1, k:enxugar, mode:FULL, rate:100, size:58
2025-10-06 00:56:25, MOVE, v:1, k:toalha, mode:PICK
2025-10-06 00:56:26, EXEC, v:1, k:toalha, mode:LOCK, rate:0, size:58
2025-10-06 00:58:51, EXEC, v:1, k:toalha, mode:LOCK, rate:0, size:51
2025-10-06 00:58:52, EXEC, v:1, k:toalha, mode:LOCK, rate:0
2025-10-06 00:58:52, EXEC, v:1, k:toalha, mode:LOCK, rate:0
2025-10-06 00:59:36, EXEC, v:1, k:toalha, mode:LOCK, rate:0
2025-10-06 00:59:37, EXEC, v:1, k:toalha, mode:FREE
2025-10-06 01:00:55, MOVE, v:1, k:toalha, mode:PICK
2025-10-06 01:00:57, EXEC, v:1, k:toalha, mode:LOCK, rate:0, size:51
2025-10-06 01:02:12, EXEC, v:1, k:toalha, mode:LOCK, rate:0
2025-10-06 01:02:45, EXEC, v:1, k:toalha, mode:LOCK, rate:0, size:58
2025-10-06 01:06:51, MOVE, v:1, k:toalha, mode:PICK
2025-10-06 01:07:04, EXEC, v:1, k:toalha, mode:FREE
2025-10-06 01:16:46, MOVE, v:1, k:toalha, mode:PICK
2025-10-06 01:16:47, EXEC, v:1, k:toalha, mode:FREE, size:51
2025-10-06 01:17:46, MOVE, v:1, k:toalha, mode:PICK
2025-10-06 01:17:47, EXEC, v:1, k:toalha, mode:FREE, size:51
2025-10-06 01:24:06, SELF, v:1, k:toalha, guide:s, study:60
2025-10-06 01:24:23, MOVE, v:1, k:carro, mode:PICK
2025-10-06 01:56:57, MOVE, v:1, k:carro, mode:PICK
2025-10-06 01:57:00, EXEC, v:1, k:carro, mode:FULL, rate:0, size:67
2025-10-06 01:57:19, EXEC, v:1, k:carro, mode:FULL, rate:0, size:67
2025-10-06 01:57:39, EXEC, v:1, k:carro, mode:FULL, rate:0, size:67
2025-10-06 02:03:36, MOVE, v:1, k:carro, mode:PICK
2025-10-06 02:03:38, EXEC, v:1, k:carro, mode:FULL, rate:0, size:67
2025-10-06 02:04:35, EXEC, v:1, k:carro, mode:FULL, rate:0, size:67
2025-10-06 02:05:01, EXEC, v:1, k:carro, mode:FULL, rate:100, size:67
2025-10-06 02:36:19, MOVE, v:1, k:calculadora, mode:PICK
2025-10-06 02:36:22, EXEC, v:1, k:calculadora, mode:FULL, rate:81, size:60
2025-10-06 02:36:51, EXEC, v:1, k:calculadora, mode:FULL, rate:0, size:60
2025-10-06 02:37:00, EXEC, v:1, k:calculadora, mode:FULL, rate:81, size:60
2025-10-06 02:42:53, MOVE, v:1, k:calculadora, mode:PICK
2025-10-06 02:42:55, EXEC, v:1, k:calculadora, mode:FULL, rate:0, size:59
2025-10-06 02:43:24, EXEC, v:1, k:calculadora, mode:FULL, rate:0, size:59
2025-10-06 02:43:38, EXEC, v:1, k:calculadora, mode:FULL, rate:0, size:57
2025-10-06 02:44:55, EXEC, v:1, k:calculadora, mode:FULL, rate:81, size:61
2025-10-06 02:45:34, SELF, v:1, k:toalha, guide:s, study:60
2025-10-06 02:45:36, MOVE, v:1, k:animal, mode:PICK
2025-10-06 02:46:06, SELF, v:1, k:carro, human:s, study:60
2025-10-06 02:46:07, MOVE, v:1, k:calculadora, mode:PICK
2025-10-06 02:46:39, SELF, v:1, k:calculadora, human:s, study:60
2025-10-06 02:46:43, MOVE, v:1, k:enxugar, mode:PICK
